SF:lib/features/numbers/domain/entities/numbers_model.dart
DA:8,2
DA:13,0
DA:14,0
LF:3
LH:1
end_of_record
SF:lib/features/numbers/domain/use_cases/get_concret_num_as_class.dart
DA:15,1
DA:18,1
DA:19,4
DA:25,1
DA:27,0
DA:28,0
LF:6
LH:4
end_of_record
SF:lib/core/error/failure.dart
DA:7,0
LF:1
LH:0
end_of_record
SF:lib/core/use_cases/user_case_contract.dart
DA:15,0
DA:16,0
LF:2
LH:0
end_of_record
SF:lib/features/numbers/domain/use_cases/get_random_num_as_class.dart
DA:10,1
DA:13,1
DA:14,3
LF:3
LH:3
end_of_record
